<?xml version="1.0" encoding="UTF-8"?>
<coverage generated="1669870866236" clover="3.2.0">
  <project timestamp="1669870866236" name="All files">
    <metrics statements="2" coveredstatements="2" conditionals="2" coveredconditionals="2" methods="2" coveredmethods="2" elements="6" coveredelements="6" complexity="0" loc="2" ncloc="2" packages="1" files="2" classes="2"/>
    <file name="sub.js" path="/Users/andres.betancourt/projects/Cursos/G-University/Testing JS/setup/public/javascripts/sub.js">
      <metrics statements="1" coveredstatements="1" conditionals="1" coveredconditionals="1" methods="1" coveredmethods="1"/>
      <line num="1" count="1" type="cond" truecount="1" falsecount="0"/>
    </file>
    <file name="sum.js" path="/Users/andres.betancourt/projects/Cursos/G-University/Testing JS/setup/public/javascripts/sum.js">
      <metrics statements="1" coveredstatements="1" conditionals="1" coveredconditionals="1" methods="1" coveredmethods="1"/>
      <line num="1" count="1" type="cond" truecount="1" falsecount="0"/>
    </file>
  </project>
</coverage>
