<?xml version="1.0" encoding="UTF-8"?>
<coverage generated="1671480391669" clover="3.2.0">
  <project timestamp="1671480391670" name="All files">
    <metrics statements="10" coveredstatements="10" conditionals="0" coveredconditionals="0" methods="1" coveredmethods="1" elements="11" coveredelements="11" complexity="0" loc="10" ncloc="10" packages="1" files="1" classes="1"/>
    <file name="error.js" path="/Users/andres.betancourt/projects/Cursos/G-University/Testing JS/setup/public/javascripts/error.js">
      <metrics statements="10" coveredstatements="10" conditionals="0" coveredconditionals="0" methods="1" coveredmethods="1"/>
      <line num="1" count="3" type="stmt"/>
      <line num="2" count="3" type="stmt"/>
      <line num="3" count="3" type="stmt"/>
      <line num="4" count="3" type="stmt"/>
      <line num="5" count="3" type="stmt"/>
      <line num="6" count="3" type="stmt"/>
      <line num="7" count="3" type="stmt"/>
      <line num="8" count="3" type="stmt"/>
      <line num="9" count="1" type="stmt"/>
      <line num="10" count="1" type="stmt"/>
    </file>
  </project>
</coverage>
