{"/Users/andres.betancourt/projects/Cursos/G-University/Testing JS/setup/public/javascripts/sub.js": {"path":"/Users/andres.betancourt/projects/Cursos/G-University/Testing JS/setup/public/javascripts/sub.js","all":false,"statementMap":{"0":{"start":{"line":1,"column":0},"end":{"line":1,"column":36}}},"s":{"0":1},"branchMap":{"0":{"type":"branch","line":1,"loc":{"start":{"line":1,"column":23},"end":{"line":1,"column":35}},"locations":[{"start":{"line":1,"column":23},"end":{"line":1,"column":35}}]}},"b":{"0":[2]},"fnMap":{"0":{"name":"sub","decl":{"start":{"line":1,"column":23},"end":{"line":1,"column":35}},"loc":{"start":{"line":1,"column":23},"end":{"line":1,"column":35}},"line":1}},"f":{"0":2}}
,"/Users/andres.betancourt/projects/Cursos/G-University/Testing JS/setup/public/javascripts/sum.js": {"path":"/Users/andres.betancourt/projects/Cursos/G-University/Testing JS/setup/public/javascripts/sum.js","all":false,"statementMap":{"0":{"start":{"line":1,"column":0},"end":{"line":1,"column":36}}},"s":{"0":1},"branchMap":{"0":{"type":"branch","line":1,"loc":{"start":{"line":1,"column":23},"end":{"line":1,"column":35}},"locations":[{"start":{"line":1,"column":23},"end":{"line":1,"column":35}}]}},"b":{"0":[3]},"fnMap":{"0":{"name":"sum","decl":{"start":{"line":1,"column":23},"end":{"line":1,"column":35}},"loc":{"start":{"line":1,"column":23},"end":{"line":1,"column":35}},"line":1}},"f":{"0":3}}
}
